<?xml version="1.0" encoding="UTF-8"?>
<testng-results skipped="0" failed="0" ignored="0" total="1" passed="1">
  <reporter-output>
    <line>
      <![CDATA[Browser window is maximized successfully]]>
    </line>
  </reporter-output>
  <suite name="Default suite" duration-ms="24022" started-at="2022-06-20T01:54:22Z" finished-at="2022-06-20T01:54:46Z">
    <groups>
    </groups>
    <test name="Default test" duration-ms="24022" started-at="2022-06-20T01:54:22Z" finished-at="2022-06-20T01:54:46Z">
      <class name="test_Scripts.TestScript30">
        <test-method status="PASS" signature="beforeSuit()[pri:0, instance:test_Scripts.TestScript30@59ec2012]" name="beforeSuit" is-config="true" duration-ms="294" started-at="2022-06-20T07:24:21Z" finished-at="2022-06-20T07:24:22Z">
          <reporter-output>
          </reporter-output>
        </test-method> <!-- beforeSuit -->
        <test-method status="PASS" signature="openApplication(java.lang.String)[pri:0, instance:test_Scripts.TestScript30@59ec2012]" name="openApplication" is-config="true" duration-ms="19641" started-at="2022-06-20T07:24:22Z" finished-at="2022-06-20T07:24:41Z">
          <params>
            <param index="0">
              <value>
                <![CDATA[chrome]]>
              </value>
            </param>
          </params>
          <reporter-output>
            <line>
              <![CDATA[Browser window is maximized successfully]]>
            </line>
          </reporter-output>
        </test-method> <!-- openApplication -->
        <test-method status="PASS" signature="testscript22(java.lang.String, java.lang.String)[pri:0, instance:test_Scripts.TestScript30@59ec2012]" name="testscript22" duration-ms="2312" started-at="2022-06-20T07:24:42Z" data-provider="TestData" finished-at="2022-06-20T07:24:45Z">
          <params>
            <param index="0">
              <value>
                <![CDATA[mkammar370@gmail.com]]>
              </value>
            </param>
            <param index="1">
              <value>
                <![CDATA[Manju@221]]>
              </value>
            </param>
          </params>
          <reporter-output>
          </reporter-output>
        </test-method> <!-- testscript22 -->
        <test-method status="PASS" signature="CloseApp()[pri:0, instance:test_Scripts.TestScript30@59ec2012]" name="CloseApp" is-config="true" duration-ms="855" started-at="2022-06-20T07:24:45Z" finished-at="2022-06-20T07:24:46Z">
          <reporter-output>
          </reporter-output>
        </test-method> <!-- CloseApp -->
        <test-method status="PASS" signature="afterSuite()[pri:0, instance:test_Scripts.TestScript30@59ec2012]" name="afterSuite" is-config="true" duration-ms="394" started-at="2022-06-20T07:24:46Z" finished-at="2022-06-20T07:24:46Z">
          <reporter-output>
          </reporter-output>
        </test-method> <!-- afterSuite -->
      </class> <!-- test_Scripts.TestScript30 -->
    </test> <!-- Default test -->
  </suite> <!-- Default suite -->
</testng-results>
